This is pdfTeX, Version 3.14159265-2.6-1.40.15 (TeX Live 2014) (preloaded format=pdflatex 2014.5.25)  6 JAN 2016 06:59
entering extended mode
 \write18 enabled.
 %&-line parsing enabled.
**"Paper for submission.tex"
(./Paper for submission.tex
LaTeX2e <2014/05/01>
Babel <3.9k> and hyphenation patterns for 78 languages loaded.
(/usr/local/texlive/2014/texmf-dist/tex/latex/IEEEtran/IEEEtran.cls
Document Class: IEEEtran 2012/12/27 V1.8 by Michael Shell
-- See the "IEEEtran_HOWTO" manual for usage information.
-- http://www.michaelshell.org/tex/ieeetran/
\@IEEEtrantmpdimenA=\dimen102
\@IEEEtrantmpdimenB=\dimen103
\@IEEEtrantmpcountA=\count79
\@IEEEtrantmpcountB=\count80
\@IEEEtrantmptoksA=\toks14
-- Using IEEE Computer Society mode.
LaTeX Font Info:    Try loading font information for OT1+ptm on input line 368.

(/usr/local/texlive/2014/texmf-dist/tex/latex/psnfss/ot1ptm.fd
File: ot1ptm.fd 2001/06/04 font definitions for OT1/ptm.
)
-- Using 8.5in x 11in (letter) paper.
-- Using PDF output.
\@IEEEnormalsizeunitybaselineskip=\dimen104
-- This is a 10 point document.
\CLASSINFOnormalsizebaselineskip=\dimen105
\CLASSINFOnormalsizeunitybaselineskip=\dimen106
\IEEEnormaljot=\dimen107
LaTeX Font Info:    Font shape `OT1/ptm/bx/n' in size <5> not available
(Font)              Font shape `OT1/ptm/b/n' tried instead on input line 726.
LaTeX Font Info:    Font shape `OT1/ptm/bx/it' in size <5> not available
(Font)              Font shape `OT1/ptm/b/it' tried instead on input line 726.
LaTeX Font Info:    Font shape `OT1/ptm/bx/n' in size <7> not available
(Font)              Font shape `OT1/ptm/b/n' tried instead on input line 726.
LaTeX Font Info:    Font shape `OT1/ptm/bx/it' in size <7> not available
(Font)              Font shape `OT1/ptm/b/it' tried instead on input line 726.
LaTeX Font Info:    Font shape `OT1/ptm/bx/n' in size <8> not available
(Font)              Font shape `OT1/ptm/b/n' tried instead on input line 726.
LaTeX Font Info:    Font shape `OT1/ptm/bx/it' in size <8> not available
(Font)              Font shape `OT1/ptm/b/it' tried instead on input line 726.
LaTeX Font Info:    Font shape `OT1/ptm/bx/n' in size <9> not available
(Font)              Font shape `OT1/ptm/b/n' tried instead on input line 726.
LaTeX Font Info:    Font shape `OT1/ptm/bx/it' in size <9> not available
(Font)              Font shape `OT1/ptm/b/it' tried instead on input line 726.
LaTeX Font Info:    Font shape `OT1/ptm/bx/n' in size <10> not available
(Font)              Font shape `OT1/ptm/b/n' tried instead on input line 726.
LaTeX Font Info:    Font shape `OT1/ptm/bx/it' in size <10> not available
(Font)              Font shape `OT1/ptm/b/it' tried instead on input line 726.
LaTeX Font Info:    Font shape `OT1/ptm/bx/n' in size <11> not available
(Font)              Font shape `OT1/ptm/b/n' tried instead on input line 726.
LaTeX Font Info:    Font shape `OT1/ptm/bx/it' in size <11> not available
(Font)              Font shape `OT1/ptm/b/it' tried instead on input line 726.
LaTeX Font Info:    Font shape `OT1/ptm/bx/n' in size <12> not available
(Font)              Font shape `OT1/ptm/b/n' tried instead on input line 726.
LaTeX Font Info:    Font shape `OT1/ptm/bx/it' in size <12> not available
(Font)              Font shape `OT1/ptm/b/it' tried instead on input line 726.
LaTeX Font Info:    Font shape `OT1/ptm/bx/n' in size <17> not available
(Font)              Font shape `OT1/ptm/b/n' tried instead on input line 726.
LaTeX Font Info:    Font shape `OT1/ptm/bx/it' in size <17> not available
(Font)              Font shape `OT1/ptm/b/it' tried instead on input line 726.
LaTeX Font Info:    Font shape `OT1/ptm/bx/n' in size <20> not available
(Font)              Font shape `OT1/ptm/b/n' tried instead on input line 726.
LaTeX Font Info:    Font shape `OT1/ptm/bx/it' in size <20> not available
(Font)              Font shape `OT1/ptm/b/it' tried instead on input line 726.
LaTeX Font Info:    Font shape `OT1/ptm/bx/n' in size <24> not available
(Font)              Font shape `OT1/ptm/b/n' tried instead on input line 726.
LaTeX Font Info:    Font shape `OT1/ptm/bx/it' in size <24> not available
(Font)              Font shape `OT1/ptm/b/it' tried instead on input line 726.
\IEEEilabelindentA=\dimen108
\IEEEilabelindentB=\dimen109
\IEEEilabelindent=\dimen110
\IEEEelabelindent=\dimen111
\IEEEdlabelindent=\dimen112
\IEEElabelindent=\dimen113
\IEEEiednormlabelsep=\dimen114
\IEEEiedmathlabelsep=\dimen115
\IEEEiedtopsep=\skip41
\c@section=\count81
\c@subsection=\count82
\c@subsubsection=\count83
\c@paragraph=\count84
\c@IEEEsubequation=\count85
\abovecaptionskip=\skip42
\belowcaptionskip=\skip43
\c@figure=\count86
\c@table=\count87
\@IEEEeqnnumcols=\count88
\@IEEEeqncolcnt=\count89
\@IEEEsubeqnnumrollback=\count90
\@IEEEtmpitemindent=\dimen116
\c@IEEEbiography=\count91
\@IEEEtranrubishbin=\box26
) (/usr/local/texlive/2014/texmf-dist/tex/latex/cite/cite.sty
LaTeX Info: Redefining \cite on input line 302.
LaTeX Info: Redefining \nocite on input line 373.
Package: cite 2010/09/10  v 5.3
)
(/usr/local/texlive/2014/texmf-dist/tex/latex/graphics/graphicx.sty
Package: graphicx 2014/04/25 v1.0g Enhanced LaTeX Graphics (DPC,SPQR)

(/usr/local/texlive/2014/texmf-dist/tex/latex/graphics/keyval.sty
Package: keyval 2014/05/08 v1.15 key=value parser (DPC)
\KV@toks@=\toks15
)
(/usr/local/texlive/2014/texmf-dist/tex/latex/graphics/graphics.sty
Package: graphics 2009/02/05 v1.0o Standard LaTeX Graphics (DPC,SPQR)

(/usr/local/texlive/2014/texmf-dist/tex/latex/graphics/trig.sty
Package: trig 1999/03/16 v1.09 sin cos tan (DPC)
)
(/usr/local/texlive/2014/texmf-dist/tex/latex/latexconfig/graphics.cfg
File: graphics.cfg 2010/04/23 v1.9 graphics configuration of TeX Live
)
Package graphics Info: Driver file: pdftex.def on input line 91.

(/usr/local/texlive/2014/texmf-dist/tex/latex/pdftex-def/pdftex.def
File: pdftex.def 2011/05/27 v0.06d Graphics/color for pdfTeX

(/usr/local/texlive/2014/texmf-dist/tex/generic/oberdiek/infwarerr.sty
Package: infwarerr 2010/04/08 v1.3 Providing info/warning/error messages (HO)
)
(/usr/local/texlive/2014/texmf-dist/tex/generic/oberdiek/ltxcmds.sty
Package: ltxcmds 2011/11/09 v1.22 LaTeX kernel commands for general use (HO)
)
\Gread@gobject=\count92
))
\Gin@req@height=\dimen117
\Gin@req@width=\dimen118
)
(/usr/local/texlive/2014/texmf-dist/tex/latex/amsmath/amsmath.sty
Package: amsmath 2013/01/14 v2.14 AMS math features
\@mathmargin=\skip44

For additional information on amsmath, use the `?' option.
(/usr/local/texlive/2014/texmf-dist/tex/latex/amsmath/amstext.sty
Package: amstext 2000/06/29 v2.01

(/usr/local/texlive/2014/texmf-dist/tex/latex/amsmath/amsgen.sty
File: amsgen.sty 1999/11/30 v2.0
\@emptytoks=\toks16
\ex@=\dimen119
))
(/usr/local/texlive/2014/texmf-dist/tex/latex/amsmath/amsbsy.sty
Package: amsbsy 1999/11/29 v1.2d
\pmbraise@=\dimen120
)
(/usr/local/texlive/2014/texmf-dist/tex/latex/amsmath/amsopn.sty
Package: amsopn 1999/12/14 v2.01 operator names
)
\inf@bad=\count93
LaTeX Info: Redefining \frac on input line 210.
\uproot@=\count94
\leftroot@=\count95
LaTeX Info: Redefining \overline on input line 306.
\classnum@=\count96
\DOTSCASE@=\count97
LaTeX Info: Redefining \ldots on input line 378.
LaTeX Info: Redefining \dots on input line 381.
LaTeX Info: Redefining \cdots on input line 466.
\Mathstrutbox@=\box27
\strutbox@=\box28
\big@size=\dimen121
LaTeX Font Info:    Redeclaring font encoding OML on input line 566.
LaTeX Font Info:    Redeclaring font encoding OMS on input line 567.
\macc@depth=\count98
\c@MaxMatrixCols=\count99
\dotsspace@=\muskip10
\c@parentequation=\count100
\dspbrk@lvl=\count101
\tag@help=\toks17
\row@=\count102
\column@=\count103
\maxfields@=\count104
\andhelp@=\toks18
\eqnshift@=\dimen122
\alignsep@=\dimen123
\tagshift@=\dimen124
\tagwidth@=\dimen125
\totwidth@=\dimen126
\lineht@=\dimen127
\@envbody=\toks19
\multlinegap=\skip45
\multlinetaggap=\skip46
\mathdisplay@stack=\toks20
LaTeX Info: Redefining \[ on input line 2665.
LaTeX Info: Redefining \] on input line 2666.
)
(/usr/local/texlive/2014/texmf-dist/tex/latex/algorithms/algorithmic.sty
Package: algorithmic 2009/08/24 v0.1 Document Style `algorithmic'

(/usr/local/texlive/2014/texmf-dist/tex/latex/base/ifthen.sty
Package: ifthen 2001/05/26 v1.1c Standard LaTeX ifthen package (DPC)
)
\c@ALC@unique=\count105
\c@ALC@line=\count106
\c@ALC@rem=\count107
\c@ALC@depth=\count108
\ALC@tlm=\skip47
\algorithmicindent=\skip48
)
(/usr/local/texlive/2014/texmf-dist/tex/latex/tools/array.sty
Package: array 2008/09/09 v2.4c Tabular extension package (FMi)
\col@sep=\dimen128
\extrarowheight=\dimen129
\NC@list=\toks21
\extratabsurround=\skip49
\backup@length=\skip50
)
(/usr/local/texlive/2014/texmf-dist/tex/latex/subfig/subfig.sty
Package: subfig 2005/06/28 ver: 1.3 subfig package

(/usr/local/texlive/2014/texmf-dist/tex/latex/caption/caption3.sty
Package: caption3 2013/05/02 v1.6-88 caption3 kernel (AR)
Package caption3 Info: TeX engine: e-TeX on input line 57.
\captionmargin=\dimen130
\captionmargin@=\dimen131
\captionwidth=\dimen132
\caption@tempdima=\dimen133
\caption@indent=\dimen134
\caption@parindent=\dimen135
\caption@hangindent=\dimen136
Package caption Info: Unknown document class (or package),
(caption)             standard defaults will be used.
)
\c@KVtest=\count109
\sf@farskip=\skip51
\sf@captopadj=\dimen137
\sf@capskip=\skip52
\sf@nearskip=\skip53
\c@subfigure=\count110
\c@subfigure@save=\count111
\c@lofdepth=\count112
\c@subtable=\count113
\c@subtable@save=\count114
\c@lotdepth=\count115
\sf@top=\skip54
\sf@bottom=\skip55
)
(/usr/local/texlive/2014/texmf-dist/tex/latex/base/fixltx2e.sty
Package: fixltx2e 2014/05/13 v1.1q fixes to LaTeX
LaTeX Info: Redefining \em on input line 429.
LaTeX Info: The control sequence `\[' is already robust on input line 480.
LaTeX Info: The control sequence `\]' is already robust on input line 481.
)
(/usr/local/texlive/2014/texmf-dist/tex/latex/dblfloatfix/dblfloatfix.sty
Package: dblfloatfix 2012/12/31 v1.0a (JAW)
\@dblbotnum=\count116
\c@dblbotnumber=\count117
)
(/usr/local/texlive/2014/texmf-dist/tex/latex/url/url.sty
\Urlmuskip=\muskip11
Package: url 2013/09/16  ver 3.4  Verb mode for urls, etc.
)
(./Paper for submission.aux)
\openout1 = `"Paper for submission.aux"'.

LaTeX Font Info:    Checking defaults for OML/cmm/m/it on input line 331.
LaTeX Font Info:    ... okay on input line 331.
LaTeX Font Info:    Checking defaults for T1/cmr/m/n on input line 331.
LaTeX Font Info:    ... okay on input line 331.
LaTeX Font Info:    Checking defaults for OT1/cmr/m/n on input line 331.
LaTeX Font Info:    ... okay on input line 331.
LaTeX Font Info:    Checking defaults for OMS/cmsy/m/n on input line 331.
LaTeX Font Info:    ... okay on input line 331.
LaTeX Font Info:    Checking defaults for OMX/cmex/m/n on input line 331.
LaTeX Font Info:    ... okay on input line 331.
LaTeX Font Info:    Checking defaults for U/cmr/m/n on input line 331.
LaTeX Font Info:    ... okay on input line 331.

(/usr/local/texlive/2014/texmf-dist/tex/context/base/supp-pdf.mkii
[Loading MPS to PDF converter (version 2006.09.02).]
\scratchcounter=\count118
\scratchdimen=\dimen138
\scratchbox=\box29
\nofMPsegments=\count119
\nofMParguments=\count120
\everyMPshowfont=\toks22
\MPscratchCnt=\count121
\MPscratchDim=\dimen139
\MPnumerator=\count122
\makeMPintoPDFobject=\count123
\everyMPtoPDFconversion=\toks23
) (/usr/local/texlive/2014/texmf-dist/tex/generic/oberdiek/pdftexcmds.sty
Package: pdftexcmds 2011/11/29 v0.20 Utility functions of pdfTeX for LuaTeX (HO
)

(/usr/local/texlive/2014/texmf-dist/tex/generic/oberdiek/ifluatex.sty
Package: ifluatex 2010/03/01 v1.3 Provides the ifluatex switch (HO)
Package ifluatex Info: LuaTeX not detected.
)
(/usr/local/texlive/2014/texmf-dist/tex/generic/oberdiek/ifpdf.sty
Package: ifpdf 2011/01/30 v2.3 Provides the ifpdf switch (HO)
Package ifpdf Info: pdfTeX in PDF mode is detected.
)
Package pdftexcmds Info: LuaTeX not detected.
Package pdftexcmds Info: \pdf@primitive is available.
Package pdftexcmds Info: \pdf@ifprimitive is available.
Package pdftexcmds Info: \pdfdraftmode found.
)
(/usr/local/texlive/2014/texmf-dist/tex/latex/oberdiek/epstopdf-base.sty
Package: epstopdf-base 2010/02/09 v2.5 Base part for package epstopdf

(/usr/local/texlive/2014/texmf-dist/tex/latex/oberdiek/grfext.sty
Package: grfext 2010/08/19 v1.1 Manage graphics extensions (HO)

(/usr/local/texlive/2014/texmf-dist/tex/generic/oberdiek/kvdefinekeys.sty
Package: kvdefinekeys 2011/04/07 v1.3 Define keys (HO)
))
(/usr/local/texlive/2014/texmf-dist/tex/latex/oberdiek/kvoptions.sty
Package: kvoptions 2011/06/30 v3.11 Key value format for package options (HO)

(/usr/local/texlive/2014/texmf-dist/tex/generic/oberdiek/kvsetkeys.sty
Package: kvsetkeys 2012/04/25 v1.16 Key value parser (HO)

(/usr/local/texlive/2014/texmf-dist/tex/generic/oberdiek/etexcmds.sty
Package: etexcmds 2011/02/16 v1.5 Avoid name clashes with e-TeX commands (HO)
Package etexcmds Info: Could not find \expanded.
(etexcmds)             That can mean that you are not using pdfTeX 1.50 or
(etexcmds)             that some package has redefined \expanded.
(etexcmds)             In the latter case, load this package earlier.
)))
Package grfext Info: Graphics extension search list:
(grfext)             [.png,.pdf,.jpg,.mps,.jpeg,.jbig2,.jb2,.PNG,.PDF,.JPG,.JPE
G,.JBIG2,.JB2,.eps]
(grfext)             \AppendGraphicsExtensions on input line 452.

(/usr/local/texlive/2014/texmf-dist/tex/latex/latexconfig/epstopdf-sys.cfg
File: epstopdf-sys.cfg 2010/07/13 v1.3 Configuration of (r)epstopdf for TeX Liv
e
))
Package caption Info: Begin \AtBeginDocument code.
Package caption Info: subfig package v1.3 is loaded.
Package caption Info: End \AtBeginDocument code.
LaTeX Font Info:    Try loading font information for OT1+phv on input line 398.


(/usr/local/texlive/2014/texmf-dist/tex/latex/psnfss/ot1phv.fd
File: ot1phv.fd 2001/06/04 scalable font definitions for OT1/phv.
)
LaTeX Font Info:    Font shape `OT1/ptm/bx/n' in size <14> not available
(Font)              Font shape `OT1/ptm/b/n' tried instead on input line 398.
 [1{/usr/local/texlive/2014/texmf-var/fonts/map/pdftex/updmap/pdftex.map}


]
Missing character: There is no ‚ in font ptmr7t!
Missing character: There is no Ä in font ptmr7t!
Missing character: There is no ¶ in font ptmr7t!

Underfull \hbox (badness 10000) in paragraph at lines 454--459
\OT1/ptm/m/n/10 To the best of the au-thor's knowl-edge, no
 []


Underfull \hbox (badness 3568) in paragraph at lines 454--459
\OT1/ptm/m/n/10 For JPUE sim-u-la-tion, such fea-ture will greatly
 []


Underfull \hbox (badness 2134) in paragraph at lines 454--459
\OT1/ptm/m/n/10 The data struc-ture, par-ti-cle and bucket in-dex-ing
 []


Underfull \hbox (badness 2088) in paragraph at lines 454--459
\OT1/ptm/m/n/10 strate-gies, do-main de-com-po-si-tion , dy-namic load
 []


Underfull \hbox (badness 3701) in paragraph at lines 454--459
\OT1/ptm/m/n/10 in this pa-per can be eas-ily adopted by other
 []


Underfull \hbox (badness 1478) in paragraph at lines 454--459
\OT1/ptm/m/n/10 im-ple-men-ta-tions of any mesh-free meth-ods(include
 []


Underfull \hbox (badness 3189) in paragraph at lines 454--459
\OT1/ptm/m/n/10 SPH). The flex-i-bil-ity of data ac-cess-ing en-ables
 []


Underfull \hbox (badness 3229) in paragraph at lines 454--459
\OT1/ptm/m/n/10 more com-pli-cated prob-lems and us-ing of more
 []


Underfull \hbox (badness 10000) in paragraph at lines 454--459

 []

<Work_flow.jpg, id=9, 721.69624pt x 910.40125pt>
File: Work_flow.jpg Graphic file (type jpg)
 <use Work_flow.jpg>
Package pdftex.def Info: Work_flow.jpg used on input line 462.
(pdftex.def)             Requested size: 245.37347pt x 309.53232pt.

Overfull \hbox (24.0466pt too wide) in paragraph at lines 462--463
 [][] 
 []

[2] <SFC_particles_buckets.jpg, id=13, 963.6pt x 722.7pt>
File: SFC_particles_buckets.jpg Graphic file (type jpg)

<use SFC_particles_buckets.jpg>
Package pdftex.def Info: SFC_particles_buckets.jpg used on input line 483.
(pdftex.def)             Requested size: 192.71658pt x 144.53743pt.

<SFC_particles_buckets_partition.jpg, id=14, 963.6pt x 722.7pt>
File: SFC_particles_buckets_partition.jpg Graphic file (type jpg)

<use SFC_particles_buckets_partition.jpg>
Package pdftex.def Info: SFC_particles_buckets_partition.jpg used on input line
 486.
(pdftex.def)             Requested size: 211.99266pt x 158.99449pt.
 [3 <./Work_flow.jpg>]
Missing character: There is no ¬ in font ptmr7t!
Missing character: There is no Ä in font ptmr7t!
Missing character: There is no ¬ in font ptmr7t!
Missing character: There is no Ä in font ptmr7t!

Underfull \hbox (badness 2020) in paragraph at lines 515--520
\OT1/ptm/m/n/10 delet-ing prop-er-ties when there is no con-flic-tion.
 []


Underfull \hbox (badness 10000) in paragraph at lines 515--520

 []

[4 <./SFC_particles_buckets.jpg> <./SFC_particles_buckets_partition.jpg>]
<Particle_adding_with_link.jpg, id=27, 963.6pt x 722.7pt>
File: Particle_adding_with_link.jpg Graphic file (type jpg)

<use Particle_adding_with_link.jpg>
Package pdftex.def Info: Particle_adding_with_link.jpg used on input line 523.
(pdftex.def)             Requested size: 245.7221pt x 184.29156pt.

Overfull \hbox (24.39523pt too wide) in paragraph at lines 523--524
 [][] 
 []

LaTeX Font Info:    Font shape `OT1/phv/bx/n' in size <10> not available
(Font)              Font shape `OT1/phv/b/n' tried instead on input line 524.

Overfull \hbox (35.7198pt too wide) in paragraph at lines 568--582
 [][] 
 []

Missing character: There is no ‚ in font ptmr7t!
Missing character: There is no Ä in font ptmr7t!
Missing character: There is no ú in font ptmr7t!
Missing character: There is no ‚ in font ptmr7t!
Missing character: There is no Ä in font ptmr7t!
Missing character: There is no ù in font ptmr7t!
[5 <./Particle_adding_with_link.jpg>]
<Work_flow_adjust.jpg, id=33, 721.69624pt x 910.40125pt>
File: Work_flow_adjust.jpg Graphic file (type jpg)

<use Work_flow_adjust.jpg>
Package pdftex.def Info: Work_flow_adjust.jpg used on input line 597.
(pdftex.def)             Requested size: 238.16049pt x 300.43333pt.

Overfull \hbox (16.83362pt too wide) in paragraph at lines 597--598
 [][] 
 []

<Involved_initial.jpg, id=34, 963.6pt x 722.7pt>
File: Involved_initial.jpg Graphic file (type jpg)
 <use Involved_initial.jpg>
Package pdftex.def Info: Involved_initial.jpg used on input line 605.
(pdftex.def)             Requested size: 231.26872pt x 173.45154pt.

<Involved_domain_adjusting.jpg, id=35, 963.6pt x 722.7pt>
File: Involved_domain_adjusting.jpg Graphic file (type jpg)

<use Involved_domain_adjusting.jpg>
Package pdftex.def Info: Involved_domain_adjusting.jpg used on input line 608.
(pdftex.def)             Requested size: 231.26872pt x 173.45154pt.

Underfull \vbox (badness 2698) has occurred while \output is active []

 [6 <./Work_flow_adjust.jpg>]
Underfull \vbox (badness 10000) has occurred while \output is active []

 [7]
<2cases_time.jpg, id=44, 729.72626pt x 421.575pt>
File: 2cases_time.jpg Graphic file (type jpg)
 <use 2cases_time.jpg>
Package pdftex.def Info: 2cases_time.jpg used on input line 723.
(pdftex.def)             Requested size: 240.81041pt x 139.12018pt.

Overfull \hbox (19.48354pt too wide) in paragraph at lines 723--724
 [][] 
 []

<2cases_efficiency.jpg, id=45, 744.7825pt x 421.575pt>
File: 2cases_efficiency.jpg Graphic file (type jpg)

<use 2cases_efficiency.jpg>
Package pdftex.def Info: 2cases_efficiency.jpg used on input line 730.
(pdftex.def)             Requested size: 245.77898pt x 139.12018pt.

Overfull \hbox (24.4521pt too wide) in paragraph at lines 730--731
 [][] 
 []

<2D_vs_3D_efficiency.jpg, id=46, 756.8275pt x 421.575pt>
File: 2D_vs_3D_efficiency.jpg Graphic file (type jpg)

<use 2D_vs_3D_efficiency.jpg>
Package pdftex.def Info: 2D_vs_3D_efficiency.jpg used on input line 737.
(pdftex.def)             Requested size: 249.75385pt x 139.12018pt.

Overfull \hbox (28.42697pt too wide) in paragraph at lines 737--738
 [][] 
 []

<weak_loglog.jpg, id=47, 817.0525pt x 421.575pt>
File: weak_loglog.jpg Graphic file (type jpg)
 <use weak_loglog.jpg>
Package pdftex.def Info: weak_loglog.jpg used on input line 744.
(pdftex.def)             Requested size: 269.62816pt x 139.12018pt.

Overfull \hbox (48.30128pt too wide) in paragraph at lines 744--745
 [][] 
 []


Underfull \hbox (badness 10000) in paragraph at lines 749--752
[]\OT1/ptm/m/n/10 The ini-tial do-main is $\OT1/cmr/m/n/10 [\OMS/cmsy/m/n/10 ^^
@\OT1/cmr/m/n/10 4800\OML/cmm/m/it/10 m; \OT1/cmr/m/n/10 4800\OML/cmm/m/it/10 m
\OT1/cmr/m/n/10 ] \OMS/cmsy/m/n/10 ^^B
 []


Underfull \hbox (badness 2012) in paragraph at lines 749--752
\OT1/ptm/m/n/10 length (we set ini-tial in-ter-vals be-tween par-ti-cles
 []


Underfull \hbox (badness 1565) in paragraph at lines 749--752
\OT1/ptm/m/n/10 equal to smooth-ing length) equals to 200m and
 []


Underfull \hbox (badness 1400) in paragraph at lines 749--752
\OT1/ptm/m/n/10 100m re-spec-tively for test case1 and test case2.
 []


Underfull \hbox (badness 2443) in paragraph at lines 749--752
\OT1/ptm/m/n/10 run for 20s phys-i-cal time. The con-sumed time
 []


Underfull \hbox (badness 4266) in paragraph at lines 749--752
\OT1/ptm/m/n/10 de-com-po-si-tion can get more reg-u-lar sub-do-main
 []


Underfull \hbox (badness 1412) in paragraph at lines 749--752
\OT1/ptm/m/n/10 num-ber of pro-cesses in-crease, it be-comes harder
 []

[8 <./Involved_initial.jpg> <./Involved_domain_adjusting.jpg>] [9 <./2cases_tim
e.jpg> <./2cases_efficiency.jpg> <./2D_vs_3D_efficiency.jpg> <./weak_loglog.jpg
>] (./Paper for submission.bbl
Underfull \hbox (badness 1596) in paragraph at lines 67--72
\OT1/ptm/m/n/9 Gesteira, S. Long-shaw, R. Canelas, R. Va-con-dio,
 []


Underfull \hbox (badness 1383) in paragraph at lines 133--137
\OT1/ptm/m/n/9 ``A nu-mer-i-cal study of tur-bu-lent mix-ing in erup-
 []


Underfull \hbox (badness 2020) in paragraph at lines 147--149
\OT1/ptm/m/n/9 mag-ne-to-hy-dro-dy-nam-ics,'' \OT1/ptm/m/it/9 Jour-nal of Com-p
u-ta-tional
 []

[10])

** Conference Paper **
Before submitting the final camera ready copy, remember to:

 1. Manually equalize the lengths of two columns on the last page
 of your paper;

 2. Ensure that any PostScript and/or PDF output post-processing
 uses only Type 1 fonts and that every step in the generation
 process uses the appropriate paper size.

[11

] (./Paper for submission.aux) ) 
Here is how much of TeX's memory you used:
 4111 strings out of 493117
 64413 string characters out of 6135433
 140986 words of memory out of 5000000
 7497 multiletter control sequences out of 15000+600000
 48147 words of font info for 87 fonts, out of 8000000 for 9000
 1144 hyphenation exceptions out of 8191
 38i,19n,47p,1807b,360s stack positions out of 5000i,500n,10000p,200000b,80000s
{/usr/local/texlive/2014/texmf-dist/fonts/enc/d
vips/base/8r.enc}</usr/local/texlive/2014/texmf-dist/fonts/type1/public/amsfont
s/cm/cmex10.pfb></usr/local/texlive/2014/texmf-dist/fonts/type1/public/amsfonts
/cm/cmmi10.pfb></usr/local/texlive/2014/texmf-dist/fonts/type1/public/amsfonts/
cm/cmmi7.pfb></usr/local/texlive/2014/texmf-dist/fonts/type1/public/amsfonts/cm
/cmmi8.pfb></usr/local/texlive/2014/texmf-dist/fonts/type1/public/amsfonts/cm/c
mr10.pfb></usr/local/texlive/2014/texmf-dist/fonts/type1/public/amsfonts/cm/cmr
7.pfb></usr/local/texlive/2014/texmf-dist/fonts/type1/public/amsfonts/cm/cmr8.p
fb></usr/local/texlive/2014/texmf-dist/fonts/type1/public/amsfonts/cm/cmsy10.pf
b></usr/local/texlive/2014/texmf-dist/fonts/type1/public/amsfonts/cm/cmsy7.pfb>
</usr/local/texlive/2014/texmf-dist/fonts/type1/urw/helvetic/uhvb8a.pfb></usr/l
ocal/texlive/2014/texmf-dist/fonts/type1/urw/helvetic/uhvr8a.pfb></usr/local/te
xlive/2014/texmf-dist/fonts/type1/urw/times/utmb8a.pfb></usr/local/texlive/2014
/texmf-dist/fonts/type1/urw/times/utmr8a.pfb></usr/local/texlive/2014/texmf-dis
t/fonts/type1/urw/times/utmri8a.pfb>
Output written on "Paper for submission.pdf" (11 pages, 941511 bytes).
PDF statistics:
 108 PDF objects out of 1000 (max. 8388607)
 69 compressed objects within 1 object stream
 0 named destinations out of 1000 (max. 500000)
 56 words of extra memory for PDF output out of 10000 (max. 10000000)

